#
# There is insufficient memory for the Java Runtime Environment to continue.
# Native memory allocation (malloc) failed to allocate 1076672 bytes for Chunk::new
# Possible reasons:
#   The system is out of physical RAM or swap space
#   The process is running with CompressedOops enabled, and the Java Heap may be blocking the growth of the native heap
# Possible solutions:
#   Reduce memory load on the system
#   Increase physical memory or swap space
#   Check if swap backing store is full
#   Decrease Java heap size (-Xmx/-Xms)
#   Decrease number of Java threads
#   Decrease Java thread stack sizes (-Xss)
#   Set larger code cache with -XX:ReservedCodeCacheSize=
#   JVM is running with Zero Based Compressed Oops mode in which the Java heap is
#     placed in the first 32GB address space. The Java Heap base address is the
#     maximum limit for the native heap growth. Please use -XX:HeapBaseMinAddress
#     to set the Java Heap base and to place the Java Heap above 32GB virtual address.
# This output file may be truncated or incomplete.
#
#  Out of Memory Error (allocation.cpp:389), pid=18160, tid=0x0000000000001798
#
# JRE version: Java(TM) SE Runtime Environment (8.0_221-b11) (build 1.8.0_221-b11)
# Java VM: Java HotSpot(TM) 64-Bit Server VM (25.221-b11 mixed mode windows-amd64 compressed oops)
# Failed to write core dump. Minidumps are not enabled by default on client versions of Windows
#

---------------  T H R E A D  ---------------

Current thread (0x000000001dfc2000):  JavaThread "C2 CompilerThread0" daemon [_thread_in_native, id=6040, stack(0x000000001e890000,0x000000001e990000)]

Stack: [0x000000001e890000,0x000000001e990000]
[error occurred during error reporting (printing stack bounds), id 0xc0000005]

Native frames: (J=compiled Java code, j=interpreted, Vv=VM code, C=native code)


Current CompileTask:
C2:   9235 8714       4       com.sun.tools.javac.comp.Lower::access (714 bytes)


---------------  P R O C E S S  ---------------

Java Threads: ( => current thread )
  0x000000001e061000 JavaThread "Service Thread" daemon [_thread_blocked, id=15512, stack(0x000000001ec90000,0x000000001ed90000)]
  0x000000001dfcc000 JavaThread "C1 CompilerThread3" daemon [_thread_blocked, id=20924, stack(0x000000001eb90000,0x000000001ec90000)]
  0x000000001dfc8000 JavaThread "C2 CompilerThread2" daemon [_thread_in_native, id=20760, stack(0x000000001ea90000,0x000000001eb90000)]
  0x000000001dfc5000 JavaThread "C2 CompilerThread1" daemon [_thread_in_native, id=664, stack(0x000000001e990000,0x000000001ea90000)]
=>0x000000001dfc2000 JavaThread "C2 CompilerThread0" daemon [_thread_in_native, id=6040, stack(0x000000001e890000,0x000000001e990000)]
  0x000000001dfc1000 JavaThread "Attach Listener" daemon [_thread_blocked, id=10084, stack(0x000000001e790000,0x000000001e890000)]
  0x000000001dfbe000 JavaThread "Signal Dispatcher" daemon [_thread_blocked, id=10868, stack(0x000000001e690000,0x000000001e790000)]
  0x000000001dfb0800 JavaThread "Finalizer" daemon [_thread_blocked, id=13224, stack(0x000000001e490000,0x000000001e590000)]
  0x0000000002616000 JavaThread "Reference Handler" daemon [_thread_blocked, id=19100, stack(0x000000001e390000,0x000000001e490000)]
  0x0000000002522800 JavaThread "main" [_thread_in_native, id=4920, stack(0x00000000023d0000,0x00000000024d0000)]

Other Threads:
  0x000000001c1b9800 VMThread [stack: 0x000000001de90000,0x000000001df90000] [id=16700]
  0x000000001e07c800 WatcherThread [stack: 0x000000001ed90000,0x000000001ee90000] [id=16248]

VM state:not at safepoint (normal execution)

VM Mutex/Monitor currently owned by a thread: None

heap address: 0x00000006c0a00000, size: 4086 MB, Compressed Oops mode: Zero based, Oop shift amount: 3
Narrow klass base: 0x0000000000000000, Narrow klass shift: 3
Compressed class space size: 1073741824 Address: 0x00000007c0000000

Heap:
 PSYoungGen      total 285184K, used 81993K [0x000000076ae00000, 0x0000000781900000, 0x00000007c0000000)
  eden space 267776K, 24% used [0x000000076ae00000,0x000000076ed14b18,0x000000077b380000)
  from space 17408K, 99% used [0x000000077c700000,0x000000077d7fd930,0x000000077d800000)
  to   space 19968K, 0% used [0x000000077b380000,0x000000077b380000,0x000000077c700000)
 ParOldGen       total 194048K, used 29258K [0x00000006c0a00000, 0x00000006cc780000, 0x000000076ae00000)
  object space 194048K, 15% used [0x00000006c0a00000,0x00000006c2692988,0x00000006cc780000)
 Metaspace       used 36945K, capacity 38148K, committed 38400K, reserved 1083392K
  class space    used 4259K, capacity 4589K, committed 4608K, reserved 1048576K

Card table byte_map: [0x0000000011ac0000,0x00000000122c0000] byte_map_base: 0x000000000e4bb000

Marking Bits: (ParMarkBitMap*) 0x00000000527f5ce0
 Begin Bits: [0x0000000013020000, 0x0000000016ff8000)
 End Bits:   [0x0000000016ff8000, 0x000000001afd0000)

Polling page: 0x0000000000680000

CodeCache: size=245760Kb used=30023Kb max_used=30023Kb free=215736Kb
 bounds [0x0000000002700000, 0x0000000004480000, 0x0000000011700000]
 total_blobs=7803 nmethods=7344 adapters=370
 compilation: enabled

Compilation events (10 events):
Event: 9.183 Thread 0x000000001dfcc000 8773       3       com.sun.tools.javac.comp.Resolve::findImmediateMemberType (84 bytes)
Event: 9.183 Thread 0x000000001dfcc000 nmethod 8773 0x000000000292fb50 code [0x000000000292fd00, 0x0000000002930398]
Event: 9.184 Thread 0x000000001dfcc000 8774       1       com.sun.tools.javac.tree.JCTree$JCIf::getTag (4 bytes)
Event: 9.184 Thread 0x000000001dfcc000 nmethod 8774 0x00000000032a5290 code [0x00000000032a53e0, 0x00000000032a54f0]
Event: 9.200 Thread 0x000000001dfcc000 8775       3       com.sun.tools.javac.jvm.ClassWriter$StackMapTableFrame$FullFrame::write (269 bytes)
Event: 9.202 Thread 0x000000001dfcc000 nmethod 8775 0x000000000446d610 code [0x000000000446dac0, 0x00000000044705d8]
Event: 9.211 Thread 0x000000001dfcc000 8777       3       com.sun.tools.javac.comp.Lower::boxPrimitive (99 bytes)
Event: 9.212 Thread 0x000000001dfcc000 nmethod 8777 0x0000000004471a10 code [0x0000000004471de0, 0x0000000004473f88]
Event: 9.230 Thread 0x000000001dfcc000 8778       1       java.util.Collections$EmptySet::contains (2 bytes)
Event: 9.230 Thread 0x000000001dfcc000 nmethod 8778 0x000000000383dad0 code [0x000000000383dc20, 0x000000000383dd30]

GC Heap History (10 events):
Event: 2.428 GC heap before
{Heap before GC invocations=6 (full 1):
 PSYoungGen      total 141824K, used 10720K [0x000000076ae00000, 0x000000077cd00000, 0x00000007c0000000)
  eden space 131072K, 0% used [0x000000076ae00000,0x000000076ae00000,0x0000000772e00000)
  from space 10752K, 99% used [0x0000000772e00000,0x0000000773878020,0x0000000773880000)
  to   space 15872K, 0% used [0x000000077bd80000,0x000000077bd80000,0x000000077cd00000)
 ParOldGen       total 175104K, used 8012K [0x00000006c0a00000, 0x00000006cb500000, 0x000000076ae00000)
  object space 175104K, 4% used [0x00000006c0a00000,0x00000006c11d3320,0x00000006cb500000)
 Metaspace       used 20485K, capacity 21176K, committed 21248K, reserved 1067008K
  class space    used 2522K, capacity 2771K, committed 2816K, reserved 1048576K
Event: 2.475 GC heap after
Heap after GC invocations=6 (full 1):
 PSYoungGen      total 141824K, used 0K [0x000000076ae00000, 0x000000077cd00000, 0x00000007c0000000)
  eden space 131072K, 0% used [0x000000076ae00000,0x000000076ae00000,0x0000000772e00000)
  from space 10752K, 0% used [0x0000000772e00000,0x0000000772e00000,0x0000000773880000)
  to   space 15872K, 0% used [0x000000077bd80000,0x000000077bd80000,0x000000077cd00000)
 ParOldGen       total 117248K, used 14025K [0x00000006c0a00000, 0x00000006c7c80000, 0x000000076ae00000)
  object space 117248K, 11% used [0x00000006c0a00000,0x00000006c17b27f0,0x00000006c7c80000)
 Metaspace       used 20485K, capacity 21176K, committed 21248K, reserved 1067008K
  class space    used 2522K, capacity 2771K, committed 2816K, reserved 1048576K
}
Event: 4.471 GC heap before
{Heap before GC invocations=7 (full 1):
 PSYoungGen      total 141824K, used 131072K [0x000000076ae00000, 0x000000077cd00000, 0x00000007c0000000)
  eden space 131072K, 100% used [0x000000076ae00000,0x0000000772e00000,0x0000000772e00000)
  from space 10752K, 0% used [0x0000000772e00000,0x0000000772e00000,0x0000000773880000)
  to   space 15872K, 0% used [0x000000077bd80000,0x000000077bd80000,0x000000077cd00000)
 ParOldGen       total 117248K, used 14025K [0x00000006c0a00000, 0x00000006c7c80000, 0x000000076ae00000)
  object space 117248K, 11% used [0x00000006c0a00000,0x00000006c17b27f0,0x00000006c7c80000)
 Metaspace       used 28129K, capacity 28940K, committed 29056K, reserved 1075200K
  class space    used 3349K, capacity 3606K, committed 3712K, reserved 1048576K
Event: 4.482 GC heap after
Heap after GC invocations=7 (full 1):
 PSYoungGen      total 206336K, used 15870K [0x000000076ae00000, 0x000000077cd00000, 0x00000007c0000000)
  eden space 190464K, 0% used [0x000000076ae00000,0x000000076ae00000,0x0000000776800000)
  from space 15872K, 99% used [0x000000077bd80000,0x000000077ccff9d0,0x000000077cd00000)
  to   space 17920K, 0% used [0x000000077aa00000,0x000000077aa00000,0x000000077bb80000)
 ParOldGen       total 117248K, used 14759K [0x00000006c0a00000, 0x00000006c7c80000, 0x000000076ae00000)
  object space 117248K, 12% used [0x00000006c0a00000,0x00000006c1869d40,0x00000006c7c80000)
 Metaspace       used 28129K, capacity 28940K, committed 29056K, reserved 1075200K
  class space    used 3349K, capacity 3606K, committed 3712K, reserved 1048576K
}
Event: 5.547 GC heap before
{Heap before GC invocations=8 (full 1):
 PSYoungGen      total 206336K, used 150903K [0x000000076ae00000, 0x000000077cd00000, 0x00000007c0000000)
  eden space 190464K, 70% used [0x000000076ae00000,0x00000007731de5a8,0x0000000776800000)
  from space 15872K, 99% used [0x000000077bd80000,0x000000077ccff9d0,0x000000077cd00000)
  to   space 17920K, 0% used [0x000000077aa00000,0x000000077aa00000,0x000000077bb80000)
 ParOldGen       total 117248K, used 14759K [0x00000006c0a00000, 0x00000006c7c80000, 0x000000076ae00000)
  object space 117248K, 12% used [0x00000006c0a00000,0x00000006c1869d40,0x00000006c7c80000)
 Metaspace       used 34357K, capacity 35320K, committed 35416K, reserved 1081344K
  class space    used 4005K, capacity 4301K, committed 4352K, reserved 1048576K
Event: 5.557 GC heap after
Heap after GC invocations=8 (full 1):
 PSYoungGen      total 275968K, used 12109K [0x000000076ae00000, 0x000000077d800000, 0x00000007c0000000)
  eden space 258048K, 0% used [0x000000076ae00000,0x000000076ae00000,0x000000077aa00000)
  from space 17920K, 67% used [0x000000077aa00000,0x000000077b5d3420,0x000000077bb80000)
  to   space 17408K, 0% used [0x000000077c700000,0x000000077c700000,0x000000077d800000)
 ParOldGen       total 117248K, used 14831K [0x00000006c0a00000, 0x00000006c7c80000, 0x000000076ae00000)
  object space 117248K, 12% used [0x00000006c0a00000,0x00000006c187bd50,0x00000006c7c80000)
 Metaspace       used 34357K, capacity 35320K, committed 35416K, reserved 1081344K
  class space    used 4005K, capacity 4301K, committed 4352K, reserved 1048576K
}
Event: 5.557 GC heap before
{Heap before GC invocations=9 (full 2):
 PSYoungGen      total 275968K, used 12109K [0x000000076ae00000, 0x000000077d800000, 0x00000007c0000000)
  eden space 258048K, 0% used [0x000000076ae00000,0x000000076ae00000,0x000000077aa00000)
  from space 17920K, 67% used [0x000000077aa00000,0x000000077b5d3420,0x000000077bb80000)
  to   space 17408K, 0% used [0x000000077c700000,0x000000077c700000,0x000000077d800000)
 ParOldGen       total 117248K, used 14831K [0x00000006c0a00000, 0x00000006c7c80000, 0x000000076ae00000)
  object space 117248K, 12% used [0x00000006c0a00000,0x00000006c187bd50,0x00000006c7c80000)
 Metaspace       used 34357K, capacity 35320K, committed 35416K, reserved 1081344K
  class space    used 4005K, capacity 4301K, committed 4352K, reserved 1048576K
Event: 5.673 GC heap after
Heap after GC invocations=9 (full 2):
 PSYoungGen      total 275968K, used 0K [0x000000076ae00000, 0x000000077d800000, 0x00000007c0000000)
  eden space 258048K, 0% used [0x000000076ae00000,0x000000076ae00000,0x000000077aa00000)
  from space 17920K, 0% used [0x000000077aa00000,0x000000077aa00000,0x000000077bb80000)
  to   space 17408K, 0% used [0x000000077c700000,0x000000077c700000,0x000000077d800000)
 ParOldGen       total 194048K, used 25173K [0x00000006c0a00000, 0x00000006cc780000, 0x000000076ae00000)
  object space 194048K, 12% used [0x00000006c0a00000,0x00000006c2295680,0x00000006cc780000)
 Metaspace       used 34311K, capacity 35212K, committed 35416K, reserved 1081344K
  class space    used 3999K, capacity 4293K, committed 4352K, reserved 1048576K
}
Event: 8.633 GC heap before
{Heap before GC invocations=10 (full 2):
 PSYoungGen      total 275968K, used 258048K [0x000000076ae00000, 0x000000077d800000, 0x00000007c0000000)
  eden space 258048K, 100% used [0x000000076ae00000,0x000000077aa00000,0x000000077aa00000)
  from space 17920K, 0% used [0x000000077aa00000,0x000000077aa00000,0x000000077bb80000)
  to   space 17408K, 0% used [0x000000077c700000,0x000000077c700000,0x000000077d800000)
 ParOldGen       total 194048K, used 26394K [0x00000006c0a00000, 0x00000006cc780000, 0x000000076ae00000)
  object space 194048K, 13% used [0x00000006c0a00000,0x00000006c23c69e8,0x00000006cc780000)
 Metaspace       used 36844K, capacity 38014K, committed 38144K, reserved 1083392K
  class space    used 4258K, capacity 4588K, committed 4608K, reserved 1048576K
Event: 8.642 GC heap after
Heap after GC invocations=10 (full 2):
 PSYoungGen      total 285184K, used 17398K [0x000000076ae00000, 0x0000000781900000, 0x00000007c0000000)
  eden space 267776K, 0% used [0x000000076ae00000,0x000000076ae00000,0x000000077b380000)
  from space 17408K, 99% used [0x000000077c700000,0x000000077d7fd930,0x000000077d800000)
  to   space 19968K, 0% used [0x000000077b380000,0x000000077b380000,0x000000077c700000)
 ParOldGen       total 194048K, used 29258K [0x00000006c0a00000, 0x00000006cc780000, 0x000000076ae00000)
  object space 194048K, 15% used [0x00000006c0a00000,0x00000006c2692988,0x00000006cc780000)
 Metaspace       used 36844K, capacity 38014K, committed 38144K, reserved 1083392K
  class space    used 4258K, capacity 4588K, committed 4608K, reserved 1048576K
}

Deoptimization events (10 events):
Event: 9.114 Thread 0x0000000002522800 Uncommon trap: reason=unstable_if action=reinterpret pc=0x0000000003da3578 method=com.sun.tools.javac.comp.Resolve.findImmediateMemberType(Lcom/sun/tools/javac/comp/Env;Lcom/sun/tools/javac/code/Type;Lcom/sun/tools/javac/util/Name;Lcom/sun/tools/javac/cod
Event: 9.114 Thread 0x0000000002522800 Uncommon trap: reason=bimorphic action=maybe_recompile pc=0x0000000003cbbc48 method=com.sun.tools.javac.comp.Resolve.findType(Lcom/sun/tools/javac/comp/Env;Lcom/sun/tools/javac/util/Name;)Lcom/sun/tools/javac/code/Symbol; @ 246
Event: 9.130 Thread 0x0000000002522800 Uncommon trap: reason=bimorphic action=maybe_recompile pc=0x000000000425ae08 method=com.sun.tools.javac.code.Types.isSubtypeUncheckedInternal(Lcom/sun/tools/javac/code/Type;Lcom/sun/tools/javac/code/Type;Lcom/sun/tools/javac/util/Warner;)Z @ 37
Event: 9.130 Thread 0x0000000002522800 Uncommon trap: reason=unstable_if action=reinterpret pc=0x0000000002a3965c method=com.sun.tools.javac.code.Types.checkUnsafeVarargsConversion(Lcom/sun/tools/javac/code/Type;Lcom/sun/tools/javac/code/Type;Lcom/sun/tools/javac/util/Warner;)V @ 15
Event: 9.130 Thread 0x0000000002522800 Uncommon trap: reason=bimorphic action=maybe_recompile pc=0x000000000425ae08 method=com.sun.tools.javac.code.Types.isSubtypeUncheckedInternal(Lcom/sun/tools/javac/code/Type;Lcom/sun/tools/javac/code/Type;Lcom/sun/tools/javac/util/Warner;)Z @ 37
Event: 9.170 Thread 0x0000000002522800 Uncommon trap: reason=bimorphic action=maybe_recompile pc=0x000000000425ae08 method=com.sun.tools.javac.code.Types.isSubtypeUncheckedInternal(Lcom/sun/tools/javac/code/Type;Lcom/sun/tools/javac/code/Type;Lcom/sun/tools/javac/util/Warner;)Z @ 37
Event: 9.170 Thread 0x0000000002522800 Uncommon trap: reason=bimorphic action=maybe_recompile pc=0x000000000425ae08 method=com.sun.tools.javac.code.Types.isSubtypeUncheckedInternal(Lcom/sun/tools/javac/code/Type;Lcom/sun/tools/javac/code/Type;Lcom/sun/tools/javac/util/Warner;)Z @ 37
Event: 9.181 Thread 0x0000000002522800 Uncommon trap: reason=unstable_if action=reinterpret pc=0x0000000004458e9c method=com.sun.tools.javac.comp.Resolve.isAccessible(Lcom/sun/tools/javac/comp/Env;Lcom/sun/tools/javac/code/Type;Lcom/sun/tools/javac/code/Symbol;Z)Z @ 103
Event: 9.181 Thread 0x0000000002522800 Uncommon trap: reason=unstable_if action=reinterpret pc=0x0000000003a1eac0 method=com.sun.tools.javac.comp.Resolve.findImmediateMemberType(Lcom/sun/tools/javac/comp/Env;Lcom/sun/tools/javac/code/Type;Lcom/sun/tools/javac/util/Name;Lcom/sun/tools/javac/cod
Event: 9.181 Thread 0x0000000002522800 Uncommon trap: reason=bimorphic action=maybe_recompile pc=0x0000000003cbbc48 method=com.sun.tools.javac.comp.Resolve.findType(Lcom/sun/tools/javac/comp/Env;Lcom/sun/tools/javac/util/Name;)Lcom/sun/tools/javac/code/Symbol; @ 246

Classes redefined (0 events):
No events

Internal exceptions (10 events):
Event: 8.763 Thread 0x0000000002522800 Implicit null exception at 0x00000000039aa75b to 0x00000000039ac708
Event: 8.763 Thread 0x0000000002522800 Exception <a 'java/lang/NullPointerException'> (0x000000076cb024c0) thrown at [C:\re\workspace\8-2-build-windows-amd64-cygwin\jdk8u221\13320\hotspot\src\share\vm\runtime\sharedRuntime.cpp, line 605]
Event: 8.763 Thread 0x0000000002522800 Implicit null exception at 0x00000000039aa75b to 0x00000000039ac708
Event: 8.763 Thread 0x0000000002522800 Exception <a 'java/lang/NullPointerException'> (0x000000076cb03300) thrown at [C:\re\workspace\8-2-build-windows-amd64-cygwin\jdk8u221\13320\hotspot\src\share\vm\runtime\sharedRuntime.cpp, line 605]
Event: 8.763 Thread 0x0000000002522800 Implicit null exception at 0x00000000039aa75b to 0x00000000039ac708
Event: 8.763 Thread 0x0000000002522800 Exception <a 'java/lang/NullPointerException'> (0x000000076cb03578) thrown at [C:\re\workspace\8-2-build-windows-amd64-cygwin\jdk8u221\13320\hotspot\src\share\vm\runtime\sharedRuntime.cpp, line 605]
Event: 8.763 Thread 0x0000000002522800 Implicit null exception at 0x00000000039aa75b to 0x00000000039ac708
Event: 8.763 Thread 0x0000000002522800 Exception <a 'java/lang/NullPointerException'> (0x000000076cb037f0) thrown at [C:\re\workspace\8-2-build-windows-amd64-cygwin\jdk8u221\13320\hotspot\src\share\vm\runtime\sharedRuntime.cpp, line 605]
Event: 8.895 Thread 0x0000000002522800 Exception <a 'java/io/FileNotFoundException'> (0x000000076d668048) thrown at [C:\re\workspace\8-2-build-windows-amd64-cygwin\jdk8u221\13320\hotspot\src\share\vm\prims\jni.cpp, line 710]
Event: 8.895 Thread 0x0000000002522800 Exception <a 'java/io/FileNotFoundException'> (0x000000076d669b48) thrown at [C:\re\workspace\8-2-build-windows-amd64-cygwin\jdk8u221\13320\hotspot\src\share\vm\prims\jni.cpp, line 710]

Events (10 events):
Event: 9.181 Thread 0x0000000002522800 DEOPT PACKING pc=0x0000000003a1eac0 sp=0x00000000024cb810
Event: 9.181 Thread 0x0000000002522800 DEOPT UNPACKING pc=0x000000000274583b sp=0x00000000024cb7b8 mode 2
Event: 9.181 Thread 0x0000000002522800 Uncommon trap: trap_request=0xffffffc6 fr.pc=0x0000000003cbbc48
Event: 9.181 Thread 0x0000000002522800 DEOPT PACKING pc=0x0000000003cbbc48 sp=0x00000000024cb8e0
Event: 9.181 Thread 0x0000000002522800 DEOPT UNPACKING pc=0x000000000274583b sp=0x00000000024cb8c0 mode 2
Event: 9.183 Thread 0x000000001dfcc000 flushing nmethod 0x00000000032a5290
Event: 9.184 Thread 0x000000001dfcc000 flushing nmethod 0x00000000035ab350
Event: 9.185 Thread 0x000000001dfcc000 flushing nmethod 0x00000000036d9250
Event: 9.202 Thread 0x000000001dfcc000 flushing nmethod 0x000000000383dad0
Event: 9.212 Thread 0x000000001dfcc000 flushing nmethod 0x00000000038e8010


Dynamic libraries:
0x00007ff745c70000 - 0x00007ff745ca7000 	C:\Program Files\Java\jdk1.8.0_221\bin\java.exe
0x00007ffb4f900000 - 0x00007ffb4faf0000 	C:\WINDOWS\SYSTEM32\ntdll.dll
0x00007ffb4e8a0000 - 0x00007ffb4e952000 	C:\WINDOWS\System32\KERNEL32.DLL
0x00007ffb4c8b0000 - 0x00007ffb4cb53000 	C:\WINDOWS\System32\KERNELBASE.dll
0x00007ffb4ea00000 - 0x00007ffb4eaa3000 	C:\WINDOWS\System32\ADVAPI32.dll
0x00007ffb4e670000 - 0x00007ffb4e70e000 	C:\WINDOWS\System32\msvcrt.dll
0x00007ffb4eab0000 - 0x00007ffb4eb47000 	C:\WINDOWS\System32\sechost.dll
0x00007ffb4e710000 - 0x00007ffb4e830000 	C:\WINDOWS\System32\RPCRT4.dll
0x00007ffb4f250000 - 0x00007ffb4f3e4000 	C:\WINDOWS\System32\USER32.dll
0x00007ffb4ce80000 - 0x00007ffb4cea1000 	C:\WINDOWS\System32\win32u.dll
0x00007ffb4f3f0000 - 0x00007ffb4f416000 	C:\WINDOWS\System32\GDI32.dll
0x00007ffb4cc60000 - 0x00007ffb4cdf4000 	C:\WINDOWS\System32\gdi32full.dll
0x00007ffb4cf30000 - 0x00007ffb4cfce000 	C:\WINDOWS\System32\msvcp_win.dll
0x00007ffb4cb60000 - 0x00007ffb4cc5a000 	C:\WINDOWS\System32\ucrtbase.dll
0x00007ffb44100000 - 0x00007ffb44385000 	C:\WINDOWS\WinSxS\amd64_microsoft.windows.common-controls_6595b64144ccf1df_6.0.18362.592_none_e6c0b1911312be02\COMCTL32.dll
0x00007ffb4e1e0000 - 0x00007ffb4e516000 	C:\WINDOWS\System32\combase.dll
0x00007ffb4ceb0000 - 0x00007ffb4cf30000 	C:\WINDOWS\System32\bcryptPrimitives.dll
0x00007ffb4f780000 - 0x00007ffb4f7ae000 	C:\WINDOWS\System32\IMM32.DLL
0x0000000052880000 - 0x0000000052952000 	C:\Program Files\Java\jdk1.8.0_221\jre\bin\msvcr100.dll
0x0000000051fd0000 - 0x0000000052875000 	C:\Program Files\Java\jdk1.8.0_221\jre\bin\server\jvm.dll
0x00007ffb4e830000 - 0x00007ffb4e838000 	C:\WINDOWS\System32\PSAPI.DLL
0x00007ffb44610000 - 0x00007ffb44634000 	C:\WINDOWS\SYSTEM32\WINMM.dll
0x00007ffb486e0000 - 0x00007ffb486ea000 	C:\WINDOWS\SYSTEM32\VERSION.dll
0x00007ffb42fc0000 - 0x00007ffb42fc9000 	C:\WINDOWS\SYSTEM32\WSOCK32.dll
0x00007ffb4e960000 - 0x00007ffb4e9cf000 	C:\WINDOWS\System32\WS2_32.dll
0x00007ffb44520000 - 0x00007ffb4454d000 	C:\WINDOWS\SYSTEM32\WINMMBASE.dll
0x00007ffb4ce00000 - 0x00007ffb4ce4a000 	C:\WINDOWS\System32\cfgmgr32.dll
0x00007ffb3eba0000 - 0x00007ffb3ebaf000 	C:\Program Files\Java\jdk1.8.0_221\jre\bin\verify.dll
0x00007ffb36370000 - 0x00007ffb36399000 	C:\Program Files\Java\jdk1.8.0_221\jre\bin\java.dll
0x00007ffb39d40000 - 0x00007ffb39d56000 	C:\Program Files\Java\jdk1.8.0_221\jre\bin\zip.dll
0x00007ffb4eb50000 - 0x00007ffb4f235000 	C:\WINDOWS\System32\SHELL32.dll
0x00007ffb4e0b0000 - 0x00007ffb4e159000 	C:\WINDOWS\System32\shcore.dll
0x00007ffb4d1d0000 - 0x00007ffb4d94f000 	C:\WINDOWS\System32\windows.storage.dll
0x00007ffb4c850000 - 0x00007ffb4c86f000 	C:\WINDOWS\System32\profapi.dll
0x00007ffb4c800000 - 0x00007ffb4c84a000 	C:\WINDOWS\System32\powrprof.dll
0x00007ffb4c7d0000 - 0x00007ffb4c7e0000 	C:\WINDOWS\System32\UMPDC.dll
0x00007ffb4df80000 - 0x00007ffb4dfd2000 	C:\WINDOWS\System32\shlwapi.dll
0x00007ffb4c7e0000 - 0x00007ffb4c7f1000 	C:\WINDOWS\System32\kernel.appcore.dll
0x00007ffb4c890000 - 0x00007ffb4c8a7000 	C:\WINDOWS\System32\cryptsp.dll
0x00007ffb46330000 - 0x00007ffb4633a000 	C:\Program Files\Maven\apache-maven-3.6.1\lib\jansi-native\windows64\jansi.dll
0x00007ffb37a20000 - 0x00007ffb37a3a000 	C:\Program Files\Java\jdk1.8.0_221\jre\bin\net.dll
0x00007ffb42860000 - 0x00007ffb42a36000 	C:\WINDOWS\SYSTEM32\urlmon.dll
0x00007ffb425b0000 - 0x00007ffb42856000 	C:\WINDOWS\SYSTEM32\iertutil.dll
0x00007ffb4c210000 - 0x00007ffb4c21c000 	C:\WINDOWS\SYSTEM32\CRYPTBASE.DLL
0x00007ffb4c040000 - 0x00007ffb4c0a7000 	C:\WINDOWS\system32\mswsock.dll
0x00007ffb35c50000 - 0x00007ffb35c62000 	C:\Program Files\Java\jdk1.8.0_221\jre\bin\nio.dll
0x00007ffb3f8c0000 - 0x00007ffb3f8cd000 	C:\Program Files\Java\jdk1.8.0_221\jre\bin\management.dll
0x00007ffb42540000 - 0x00007ffb42556000 	C:\WINDOWS\system32\napinsp.dll
0x00007ffb424d0000 - 0x00007ffb424ea000 	C:\WINDOWS\system32\pnrpnsp.dll
0x00007ffb4bd90000 - 0x00007ffb4be5a000 	C:\WINDOWS\SYSTEM32\DNSAPI.dll
0x00007ffb4f240000 - 0x00007ffb4f248000 	C:\WINDOWS\System32\NSI.dll
0x00007ffb4bd50000 - 0x00007ffb4bd8a000 	C:\WINDOWS\SYSTEM32\IPHLPAPI.DLL
0x00007ffb42370000 - 0x00007ffb4237e000 	C:\WINDOWS\System32\winrnr.dll
0x00007ffb48d80000 - 0x00007ffb48d9c000 	C:\WINDOWS\system32\NLAapi.dll
0x00007ffb42350000 - 0x00007ffb42365000 	C:\WINDOWS\system32\wshbth.dll
0x00007ffb46920000 - 0x00007ffb4692a000 	C:\Windows\System32\rasadhlp.dll
0x00007ffb477e0000 - 0x00007ffb47857000 	C:\WINDOWS\System32\fwpuclnt.dll
0x00007ffb4ce50000 - 0x00007ffb4ce76000 	C:\WINDOWS\System32\bcrypt.dll
0x00007ffb4bbb0000 - 0x00007ffb4bbe3000 	C:\WINDOWS\system32\rsaenh.dll
0x00007ffb4c6f0000 - 0x00007ffb4c715000 	C:\WINDOWS\SYSTEM32\USERENV.dll
0x00007ffb485a0000 - 0x00007ffb485b6000 	C:\WINDOWS\SYSTEM32\dhcpcsvc6.DLL
0x00007ffb48580000 - 0x00007ffb4859c000 	C:\WINDOWS\SYSTEM32\dhcpcsvc.DLL

VM Arguments:
jvm_args: -Dclassworlds.conf=C:\Program Files\Maven\apache-maven-3.6.1\bin\..\bin\m2.conf -Dmaven.home=C:\Program Files\Maven\apache-maven-3.6.1\bin\.. -Dlibrary.jansi.path=C:\Program Files\Maven\apache-maven-3.6.1\bin\..\lib\jansi-native -Dmaven.multiModuleProjectDirectory=C:\Repositories\leshan 
java_command: org.codehaus.plexus.classworlds.launcher.Launcher clean install -DskipTests
java_class_path (initial): C:\Program Files\Maven\apache-maven-3.6.1\bin\..\boot\plexus-classworlds-2.6.0.jar
Launcher Type: SUN_STANDARD

Environment Variables:
JAVA_HOME=C:\Program Files\Java\jdk1.8.0_221
PATH=C:\Program Files\curl-7.66.0-win64-mingw\bin;C:\Program Files\Python27\Scripts;C:\Program Files\Python37\Scripts\;C:\Program Files\Python37\;C:\Program Files (x86)\Common Files\Oracle\Java\javapath;C:\WINDOWS\system32;C:\WINDOWS;C:\WINDOWS\System32\Wbem;C:\WINDOWS\System32\WindowsPowerShell\v1.0\;C:\WINDOWS\System32\OpenSSH\;C:\ProgramData\chocolatey\bin;C:\Program Files\Microsoft VS Code\bin;C:\Program Files\PuTTY\;C:\Program Files\Java\jdk1.8.0_221\bin;C:\Program Files\ant\apache-ant-1.10.6\bin;C:\Program Files\Maven\apache-maven-3.6.1\bin;C:\Program Files\Git\cmd;C:\Program Files\CMake\bin;C:\Program Files\dotnet\;C:\Program Files\Microsoft SQL Server\130\Tools\Binn\;C:\Program Files\Microsoft SQL Server\Client SDK\ODBC\170\Tools\Binn\;C:\Program Files\cygwin64\bin;C:\Program Files\nodejs\;C:\Program Files\WinMerge;C:\Program Files (x86)\sbt\bin;C:\Program Files (x86)\Yarn\bin\;C:\Program Files\Java\Java3D\1.5.1\bin;C:\Users\User\AppData\Local\Microsoft\WindowsApps;C:\Program Files (x86)\Nmap;C:\Users\User\AppData\Roaming\npm;C:\Users\User\AppData\Local\Yarn\bin
USERNAME=User
OS=Windows_NT
PROCESSOR_IDENTIFIER=Intel64 Family 6 Model 158 Stepping 9, GenuineIntel



---------------  S Y S T E M  ---------------

OS: Windows 10.0 , 64 bit Build 18362 (10.0.18362.329)

CPU:total 8 (initial active 8) (4 cores per cpu, 2 threads per core) family 6 model 158 stepping 9, cmov, cx8, fxsr, mmx, sse, sse2, sse3, ssse3, sse4.1, sse4.2, popcnt, avx, avx2, aes, clmul, erms, rtm, 3dnowpref, lzcnt, ht, tsc, tscinvbit, bmi1, bmi2, adx

Memory: 4k page, physical 16730288k(3981740k free), swap 33155372k(6164k free)

vm_info: Java HotSpot(TM) 64-Bit Server VM (25.221-b11) for windows-amd64 JRE (1.8.0_221-b11), built on Jul  4 2019 04:39:29 by "java_re" with MS VC++ 10.0 (VS2010)

time: Fri Jan 31 10:21:46 2020
timezone: FLE Standard Time
elapsed time: 9 seconds (0d 0h 0m 9s)

