#
# There is insufficient memory for the Java Runtime Environment to continue.
# Native memory allocation (malloc) failed to allocate 1248032 bytes for Chunk::new
# Possible reasons:
#   The system is out of physical RAM or swap space
#   The process is running with CompressedOops enabled, and the Java Heap may be blocking the growth of the native heap
# Possible solutions:
#   Reduce memory load on the system
#   Increase physical memory or swap space
#   Check if swap backing store is full
#   Decrease Java heap size (-Xmx/-Xms)
#   Decrease number of Java threads
#   Decrease Java thread stack sizes (-Xss)
#   Set larger code cache with -XX:ReservedCodeCacheSize=
#   JVM is running with Zero Based Compressed Oops mode in which the Java heap is
#     placed in the first 32GB address space. The Java Heap base address is the
#     maximum limit for the native heap growth. Please use -XX:HeapBaseMinAddress
#     to set the Java Heap base and to place the Java Heap above 32GB virtual address.
# This output file may be truncated or incomplete.
#
#  Out of Memory Error (allocation.cpp:389), pid=18192, tid=0x0000000000001a10
#
# JRE version: Java(TM) SE Runtime Environment (8.0_221-b11) (build 1.8.0_221-b11)
# Java VM: Java HotSpot(TM) 64-Bit Server VM (25.221-b11 mixed mode windows-amd64 compressed oops)
# Failed to write core dump. Minidumps are not enabled by default on client versions of Windows
#

---------------  T H R E A D  ---------------

Current thread (0x000000001e885000):  JavaThread "C2 CompilerThread1" daemon [_thread_in_native, id=6672, stack(0x000000001f250000,0x000000001f350000)]

Stack: [0x000000001f250000,0x000000001f350000]
[error occurred during error reporting (printing stack bounds), id 0xc0000005]

Native frames: (J=compiled Java code, j=interpreted, Vv=VM code, C=native code)


Current CompileTask:
C2:  12280 9907       4       com.sun.tools.javac.comp.Lower::access (714 bytes)


---------------  P R O C E S S  ---------------

Java Threads: ( => current thread )
  0x000000001e920000 JavaThread "Service Thread" daemon [_thread_blocked, id=20240, stack(0x000000001f550000,0x000000001f650000)]
  0x000000001e893000 JavaThread "C1 CompilerThread3" daemon [_thread_blocked, id=12944, stack(0x000000001f450000,0x000000001f550000)]
  0x000000001e888000 JavaThread "C2 CompilerThread2" daemon [_thread_blocked, id=4548, stack(0x000000001f350000,0x000000001f450000)]
=>0x000000001e885000 JavaThread "C2 CompilerThread1" daemon [_thread_in_native, id=6672, stack(0x000000001f250000,0x000000001f350000)]
  0x000000001e882000 JavaThread "C2 CompilerThread0" daemon [_thread_blocked, id=19072, stack(0x000000001f150000,0x000000001f250000)]
  0x000000001e880800 JavaThread "Attach Listener" daemon [_thread_blocked, id=17060, stack(0x000000001f050000,0x000000001f150000)]
  0x000000001e87e000 JavaThread "Signal Dispatcher" daemon [_thread_blocked, id=15188, stack(0x000000001ef50000,0x000000001f050000)]
  0x000000001e870800 JavaThread "Finalizer" daemon [_thread_blocked, id=7172, stack(0x000000001ed50000,0x000000001ee50000)]
  0x0000000002eb6000 JavaThread "Reference Handler" daemon [_thread_blocked, id=12368, stack(0x000000001ec50000,0x000000001ed50000)]
  0x0000000002dc2800 JavaThread "main" [_thread_in_native, id=4848, stack(0x0000000002c40000,0x0000000002d40000)]

Other Threads:
  0x000000001ca79800 VMThread [stack: 0x000000001e750000,0x000000001e850000] [id=2016]
  0x000000001e943800 WatcherThread [stack: 0x000000001f650000,0x000000001f750000] [id=8188]

VM state:not at safepoint (normal execution)

VM Mutex/Monitor currently owned by a thread: None

heap address: 0x00000006c0a00000, size: 4086 MB, Compressed Oops mode: Zero based, Oop shift amount: 3
Narrow klass base: 0x0000000000000000, Narrow klass shift: 3
Compressed class space size: 1073741824 Address: 0x00000007c0000000

Heap:
 PSYoungGen      total 275968K, used 63110K [0x000000076ae00000, 0x000000077d100000, 0x00000007c0000000)
  eden space 258048K, 17% used [0x000000076ae00000,0x000000076da28f68,0x000000077aa00000)
  from space 17920K, 99% used [0x000000077bf80000,0x000000077d0f8b50,0x000000077d100000)
  to   space 18432K, 0% used [0x000000077aa00000,0x000000077aa00000,0x000000077bc00000)
 ParOldGen       total 119808K, used 26065K [0x00000006c0a00000, 0x00000006c7f00000, 0x000000076ae00000)
  object space 119808K, 21% used [0x00000006c0a00000,0x00000006c2374618,0x00000006c7f00000)
 Metaspace       used 38943K, capacity 40558K, committed 40704K, reserved 1085440K
  class space    used 4421K, capacity 4835K, committed 4864K, reserved 1048576K

Card table byte_map: [0x0000000012380000,0x0000000012b80000] byte_map_base: 0x000000000ed7b000

Marking Bits: (ParMarkBitMap*) 0x00000000527f5ce0
 Begin Bits: [0x00000000138e0000, 0x00000000178b8000)
 End Bits:   [0x00000000178b8000, 0x000000001b890000)

Polling page: 0x0000000000bf0000

CodeCache: size=245760Kb used=32887Kb max_used=32898Kb free=212872Kb
 bounds [0x0000000002fc0000, 0x0000000005010000, 0x0000000011fc0000]
 total_blobs=8514 nmethods=8056 adapters=370
 compilation: enabled

Compilation events (10 events):
Event: 12.273 Thread 0x000000001e893000 9966       3       sun.reflect.generics.repository.AbstractRepository::getReifier (8 bytes)
Event: 12.273 Thread 0x000000001e893000 nmethod 9966 0x0000000004fa2a50 code [0x0000000004fa2bc0, 0x0000000004fa2eb0]
Event: 12.273 Thread 0x000000001e893000 9967       3       sun.reflect.ReflectionFactory::newMethodAccessor (79 bytes)
Event: 12.274 Thread 0x000000001e893000 nmethod 9967 0x0000000003142950 code [0x0000000003142c20, 0x0000000003144518]
Event: 12.274 Thread 0x000000001e893000 9968       3       sun.reflect.NativeMethodAccessorImpl::<init> (10 bytes)
Event: 12.275 Thread 0x000000001e893000 nmethod 9968 0x0000000004fd5a90 code [0x0000000004fd5c00, 0x0000000004fd5e90]
Event: 12.275 Thread 0x000000001e893000 9969       3       java.util.Calendar::setTime (9 bytes)
Event: 12.275 Thread 0x000000001e893000 nmethod 9969 0x0000000004b63c50 code [0x0000000004b63de0, 0x0000000004b64238]
Event: 12.275 Thread 0x000000001e882000 nmethod 9964 0x0000000003244c50 code [0x0000000003244dc0, 0x00000000032452a8]
Event: 12.276 Thread 0x000000001e888000 nmethod 9965 0x0000000003244110 code [0x0000000003244280, 0x00000000032446f8]

GC Heap History (10 events):
Event: 4.909 GC heap before
{Heap before GC invocations=8 (full 1):
 PSYoungGen      total 203264K, used 144196K [0x000000076ae00000, 0x000000077ce00000, 0x00000007c0000000)
  eden space 186880K, 68% used [0x000000076ae00000,0x0000000772ad2df8,0x0000000776480000)
  from space 16384K, 99% used [0x000000077be00000,0x000000077cdfe588,0x000000077ce00000)
  to   space 18432K, 0% used [0x000000077aa00000,0x000000077aa00000,0x000000077bc00000)
 ParOldGen       total 119808K, used 14514K [0x00000006c0a00000, 0x00000006c7f00000, 0x000000076ae00000)
  object space 119808K, 12% used [0x00000006c0a00000,0x00000006c182cba8,0x00000006c7f00000)
 Metaspace       used 34372K, capacity 35326K, committed 35416K, reserved 1081344K
  class space    used 4014K, capacity 4303K, committed 4352K, reserved 1048576K
Event: 4.919 GC heap after
Heap after GC invocations=8 (full 1):
 PSYoungGen      total 276480K, used 12124K [0x000000076ae00000, 0x000000077d100000, 0x00000007c0000000)
  eden space 258048K, 0% used [0x000000076ae00000,0x000000076ae00000,0x000000077aa00000)
  from space 18432K, 65% used [0x000000077aa00000,0x000000077b5d70e0,0x000000077bc00000)
  to   space 17920K, 0% used [0x000000077bf80000,0x000000077bf80000,0x000000077d100000)
 ParOldGen       total 119808K, used 14650K [0x00000006c0a00000, 0x00000006c7f00000, 0x000000076ae00000)
  object space 119808K, 12% used [0x00000006c0a00000,0x00000006c184ebc8,0x00000006c7f00000)
 Metaspace       used 34372K, capacity 35326K, committed 35416K, reserved 1081344K
  class space    used 4014K, capacity 4303K, committed 4352K, reserved 1048576K
}
Event: 4.919 GC heap before
{Heap before GC invocations=9 (full 2):
 PSYoungGen      total 276480K, used 12124K [0x000000076ae00000, 0x000000077d100000, 0x00000007c0000000)
  eden space 258048K, 0% used [0x000000076ae00000,0x000000076ae00000,0x000000077aa00000)
  from space 18432K, 65% used [0x000000077aa00000,0x000000077b5d70e0,0x000000077bc00000)
  to   space 17920K, 0% used [0x000000077bf80000,0x000000077bf80000,0x000000077d100000)
 ParOldGen       total 119808K, used 14650K [0x00000006c0a00000, 0x00000006c7f00000, 0x000000076ae00000)
  object space 119808K, 12% used [0x00000006c0a00000,0x00000006c184ebc8,0x00000006c7f00000)
 Metaspace       used 34372K, capacity 35326K, committed 35416K, reserved 1081344K
  class space    used 4014K, capacity 4303K, committed 4352K, reserved 1048576K
Event: 5.026 GC heap after
Heap after GC invocations=9 (full 2):
 PSYoungGen      total 276480K, used 0K [0x000000076ae00000, 0x000000077d100000, 0x00000007c0000000)
  eden space 258048K, 0% used [0x000000076ae00000,0x000000076ae00000,0x000000077aa00000)
  from space 18432K, 0% used [0x000000077aa00000,0x000000077aa00000,0x000000077bc00000)
  to   space 17920K, 0% used [0x000000077bf80000,0x000000077bf80000,0x000000077d100000)
 ParOldGen       total 119808K, used 25236K [0x00000006c0a00000, 0x00000006c7f00000, 0x000000076ae00000)
  object space 119808K, 21% used [0x00000006c0a00000,0x00000006c22a5148,0x00000006c7f00000)
 Metaspace       used 34325K, capacity 35218K, committed 35416K, reserved 1081344K
  class space    used 4008K, capacity 4295K, committed 4352K, reserved 1048576K
}
Event: 7.438 GC heap before
{Heap before GC invocations=10 (full 2):
 PSYoungGen      total 276480K, used 257546K [0x000000076ae00000, 0x000000077d100000, 0x00000007c0000000)
  eden space 258048K, 99% used [0x000000076ae00000,0x000000077a982828,0x000000077aa00000)
  from space 18432K, 0% used [0x000000077aa00000,0x000000077aa00000,0x000000077bc00000)
  to   space 17920K, 0% used [0x000000077bf80000,0x000000077bf80000,0x000000077d100000)
 ParOldGen       total 119808K, used 25236K [0x00000006c0a00000, 0x00000006c7f00000, 0x000000076ae00000)
  object space 119808K, 21% used [0x00000006c0a00000,0x00000006c22a5148,0x00000006c7f00000)
 Metaspace       used 36820K, capacity 38078K, committed 38144K, reserved 1083392K
  class space    used 4258K, capacity 4588K, committed 4608K, reserved 1048576K
Event: 7.444 GC heap after
Heap after GC invocations=10 (full 2):
 PSYoungGen      total 275968K, used 15281K [0x000000076ae00000, 0x000000077d100000, 0x00000007c0000000)
  eden space 258048K, 0% used [0x000000076ae00000,0x000000076ae00000,0x000000077aa00000)
  from space 17920K, 85% used [0x000000077bf80000,0x000000077ce6c4b8,0x000000077d100000)
  to   space 18432K, 0% used [0x000000077aa00000,0x000000077aa00000,0x000000077bc00000)
 ParOldGen       total 119808K, used 25244K [0x00000006c0a00000, 0x00000006c7f00000, 0x000000076ae00000)
  object space 119808K, 21% used [0x00000006c0a00000,0x00000006c22a7148,0x00000006c7f00000)
 Metaspace       used 36820K, capacity 38078K, committed 38144K, reserved 1083392K
  class space    used 4258K, capacity 4588K, committed 4608K, reserved 1048576K
}
Event: 9.451 GC heap before
{Heap before GC invocations=11 (full 2):
 PSYoungGen      total 275968K, used 273329K [0x000000076ae00000, 0x000000077d100000, 0x00000007c0000000)
  eden space 258048K, 100% used [0x000000076ae00000,0x000000077aa00000,0x000000077aa00000)
  from space 17920K, 85% used [0x000000077bf80000,0x000000077ce6c4b8,0x000000077d100000)
  to   space 18432K, 0% used [0x000000077aa00000,0x000000077aa00000,0x000000077bc00000)
 ParOldGen       total 119808K, used 25244K [0x00000006c0a00000, 0x00000006c7f00000, 0x000000076ae00000)
  object space 119808K, 21% used [0x00000006c0a00000,0x00000006c22a7148,0x00000006c7f00000)
 Metaspace       used 37247K, capacity 38434K, committed 38656K, reserved 1083392K
  class space    used 4275K, capacity 4606K, committed 4608K, reserved 1048576K
Event: 9.457 GC heap after
Heap after GC invocations=11 (full 2):
 PSYoungGen      total 276480K, used 10986K [0x000000076ae00000, 0x000000077d100000, 0x00000007c0000000)
  eden space 258048K, 0% used [0x000000076ae00000,0x000000076ae00000,0x000000077aa00000)
  from space 18432K, 59% used [0x000000077aa00000,0x000000077b4baaf8,0x000000077bc00000)
  to   space 17920K, 0% used [0x000000077bf80000,0x000000077bf80000,0x000000077d100000)
 ParOldGen       total 119808K, used 25252K [0x00000006c0a00000, 0x00000006c7f00000, 0x000000076ae00000)
  object space 119808K, 21% used [0x00000006c0a00000,0x00000006c22a9148,0x00000006c7f00000)
 Metaspace       used 37247K, capacity 38434K, committed 38656K, reserved 1083392K
  class space    used 4275K, capacity 4606K, committed 4608K, reserved 1048576K
}
Event: 11.835 GC heap before
{Heap before GC invocations=12 (full 2):
 PSYoungGen      total 276480K, used 269034K [0x000000076ae00000, 0x000000077d100000, 0x00000007c0000000)
  eden space 258048K, 100% used [0x000000076ae00000,0x000000077aa00000,0x000000077aa00000)
  from space 18432K, 59% used [0x000000077aa00000,0x000000077b4baaf8,0x000000077bc00000)
  to   space 17920K, 0% used [0x000000077bf80000,0x000000077bf80000,0x000000077d100000)
 ParOldGen       total 119808K, used 25252K [0x00000006c0a00000, 0x00000006c7f00000, 0x000000076ae00000)
  object space 119808K, 21% used [0x00000006c0a00000,0x00000006c22a9148,0x00000006c7f00000)
 Metaspace       used 38352K, capacity 39824K, committed 40192K, reserved 1085440K
  class space    used 4368K, capacity 4767K, committed 4864K, reserved 1048576K
Event: 11.844 GC heap after
Heap after GC invocations=12 (full 2):
 PSYoungGen      total 275968K, used 17890K [0x000000076ae00000, 0x000000077d100000, 0x00000007c0000000)
  eden space 258048K, 0% used [0x000000076ae00000,0x000000076ae00000,0x000000077aa00000)
  from space 17920K, 99% used [0x000000077bf80000,0x000000077d0f8b50,0x000000077d100000)
  to   space 18432K, 0% used [0x000000077aa00000,0x000000077aa00000,0x000000077bc00000)
 ParOldGen       total 119808K, used 26065K [0x00000006c0a00000, 0x00000006c7f00000, 0x000000076ae00000)
  object space 119808K, 21% used [0x00000006c0a00000,0x00000006c2374618,0x00000006c7f00000)
 Metaspace       used 38352K, capacity 39824K, committed 40192K, reserved 1085440K
  class space    used 4368K, capacity 4767K, committed 4864K, reserved 1048576K
}

Deoptimization events (10 events):
Event: 11.902 Thread 0x0000000002dc2800 Uncommon trap: reason=class_check action=maybe_recompile pc=0x0000000003cd0b74 method=java.lang.Integer.equals(Ljava/lang/Object;)Z @ 1
Event: 11.902 Thread 0x0000000002dc2800 Uncommon trap: reason=class_check action=maybe_recompile pc=0x0000000003cd0b74 method=java.lang.Integer.equals(Ljava/lang/Object;)Z @ 1
Event: 12.123 Thread 0x0000000002dc2800 Uncommon trap: reason=unstable_if action=reinterpret pc=0x0000000004ce5434 method=com.sun.tools.javac.tree.TreeInfo.firstConstructorCall(Lcom/sun/tools/javac/tree/JCTree;)Lcom/sun/tools/javac/tree/JCTree$JCMethodInvocation; @ 75
Event: 12.182 Thread 0x0000000002dc2800 Uncommon trap: reason=speculate_class_check action=maybe_recompile pc=0x0000000004d82528 method=com.sun.tools.javac.tree.JCTree.hasTag(Lcom/sun/tools/javac/tree/JCTree$Tag;)Z @ 2
Event: 12.182 Thread 0x0000000002dc2800 Uncommon trap: reason=speculate_class_check action=maybe_recompile pc=0x0000000004d82528 method=com.sun.tools.javac.tree.JCTree.hasTag(Lcom/sun/tools/javac/tree/JCTree$Tag;)Z @ 2
Event: 12.182 Thread 0x0000000002dc2800 Uncommon trap: reason=speculate_class_check action=maybe_recompile pc=0x0000000004d82528 method=com.sun.tools.javac.tree.JCTree.hasTag(Lcom/sun/tools/javac/tree/JCTree$Tag;)Z @ 2
Event: 12.182 Thread 0x0000000002dc2800 Uncommon trap: reason=speculate_class_check action=maybe_recompile pc=0x0000000004d82528 method=com.sun.tools.javac.tree.JCTree.hasTag(Lcom/sun/tools/javac/tree/JCTree$Tag;)Z @ 2
Event: 12.183 Thread 0x0000000002dc2800 Uncommon trap: reason=class_check action=maybe_recompile pc=0x0000000003609508 method=com.sun.tools.javac.code.Type$ClassType.allparams()Lcom/sun/tools/javac/util/List; @ 16
Event: 12.272 Thread 0x0000000021593000 Uncommon trap: reason=null_check action=make_not_entrant pc=0x0000000003f4e1f0 method=java.lang.StringCoding.deref(Ljava/lang/ThreadLocal;)Ljava/lang/Object; @ 4
Event: 12.272 Thread 0x0000000021593000 Uncommon trap: reason=class_check action=maybe_recompile pc=0x0000000003f4f074 method=java.lang.StringCoding$StringDecoder.decode([BII)[C @ 30

Classes redefined (0 events):
No events

Internal exceptions (10 events):
Event: 11.510 Thread 0x0000000002dc2800 Implicit null exception at 0x00000000045ad49b to 0x00000000045af448
Event: 11.510 Thread 0x0000000002dc2800 Exception <a 'java/lang/NullPointerException'> (0x00000007786946c0) thrown at [C:\re\workspace\8-2-build-windows-amd64-cygwin\jdk8u221\13320\hotspot\src\share\vm\runtime\sharedRuntime.cpp, line 605]
Event: 11.510 Thread 0x0000000002dc2800 Implicit null exception at 0x00000000045ad49b to 0x00000000045af448
Event: 11.510 Thread 0x0000000002dc2800 Exception <a 'java/lang/NullPointerException'> (0x0000000778694938) thrown at [C:\re\workspace\8-2-build-windows-amd64-cygwin\jdk8u221\13320\hotspot\src\share\vm\runtime\sharedRuntime.cpp, line 605]
Event: 11.760 Thread 0x0000000002dc2800 Exception <a 'java/security/PrivilegedActionException'> (0x0000000779c36ac8) thrown at [C:\re\workspace\8-2-build-windows-amd64-cygwin\jdk8u221\13320\hotspot\src\share\vm\prims\jvm.cpp, line 1502]
Event: 11.760 Thread 0x0000000002dc2800 Exception <a 'java/security/PrivilegedActionException'> (0x0000000779c36ec0) thrown at [C:\re\workspace\8-2-build-windows-amd64-cygwin\jdk8u221\13320\hotspot\src\share\vm\prims\jvm.cpp, line 1502]
Event: 11.775 Thread 0x0000000002dc2800 Exception <a 'java/io/FileNotFoundException'> (0x000000077a207330) thrown at [C:\re\workspace\8-2-build-windows-amd64-cygwin\jdk8u221\13320\hotspot\src\share\vm\prims\jni.cpp, line 710]
Event: 11.776 Thread 0x0000000002dc2800 Exception <a 'java/io/FileNotFoundException'> (0x000000077a208e30) thrown at [C:\re\workspace\8-2-build-windows-amd64-cygwin\jdk8u221\13320\hotspot\src\share\vm\prims\jni.cpp, line 710]
Event: 11.776 Thread 0x0000000002dc2800 Exception <a 'java/io/FileNotFoundException'> (0x000000077a20d3f0) thrown at [C:\re\workspace\8-2-build-windows-amd64-cygwin\jdk8u221\13320\hotspot\src\share\vm\prims\jni.cpp, line 710]
Event: 12.272 Thread 0x0000000021593000 Implicit null exception at 0x0000000003f4dacc to 0x0000000003f4e1d5

Events (10 events):
Event: 12.275 loading class org/apache/maven/surefire/cli/CommandLineOption
Event: 12.275 loading class org/apache/maven/surefire/cli/CommandLineOption done
Event: 12.275 loading class org/apache/maven/execution/MavenExecutionRequest
Event: 12.275 loading class org/apache/maven/execution/MavenExecutionRequest done
Event: 12.275 loading class org/apache/maven/execution/MavenExecutionRequest
Event: 12.275 loading class org/apache/maven/execution/MavenExecutionRequest done
Event: 12.276 loading class org/apache/maven/artifact/versioning/OverConstrainedVersionException
Event: 12.276 loading class org/apache/maven/artifact/versioning/OverConstrainedVersionException done
Event: 12.276 loading class org/apache/maven/artifact/versioning/OverConstrainedVersionException
Event: 12.276 loading class org/apache/maven/artifact/versioning/OverConstrainedVersionException done


Dynamic libraries:
0x00007ff745c70000 - 0x00007ff745ca7000 	C:\Program Files\Java\jdk1.8.0_221\bin\java.exe
0x00007ffb4f900000 - 0x00007ffb4faf0000 	C:\WINDOWS\SYSTEM32\ntdll.dll
0x00007ffb4e8a0000 - 0x00007ffb4e952000 	C:\WINDOWS\System32\KERNEL32.DLL
0x00007ffb4c8b0000 - 0x00007ffb4cb53000 	C:\WINDOWS\System32\KERNELBASE.dll
0x00007ffb4ea00000 - 0x00007ffb4eaa3000 	C:\WINDOWS\System32\ADVAPI32.dll
0x00007ffb4e670000 - 0x00007ffb4e70e000 	C:\WINDOWS\System32\msvcrt.dll
0x00007ffb4eab0000 - 0x00007ffb4eb47000 	C:\WINDOWS\System32\sechost.dll
0x00007ffb4e710000 - 0x00007ffb4e830000 	C:\WINDOWS\System32\RPCRT4.dll
0x00007ffb4f250000 - 0x00007ffb4f3e4000 	C:\WINDOWS\System32\USER32.dll
0x00007ffb4ce80000 - 0x00007ffb4cea1000 	C:\WINDOWS\System32\win32u.dll
0x00007ffb4f3f0000 - 0x00007ffb4f416000 	C:\WINDOWS\System32\GDI32.dll
0x00007ffb4cc60000 - 0x00007ffb4cdf4000 	C:\WINDOWS\System32\gdi32full.dll
0x00007ffb4cf30000 - 0x00007ffb4cfce000 	C:\WINDOWS\System32\msvcp_win.dll
0x00007ffb4cb60000 - 0x00007ffb4cc5a000 	C:\WINDOWS\System32\ucrtbase.dll
0x00007ffb44100000 - 0x00007ffb44385000 	C:\WINDOWS\WinSxS\amd64_microsoft.windows.common-controls_6595b64144ccf1df_6.0.18362.592_none_e6c0b1911312be02\COMCTL32.dll
0x00007ffb4e1e0000 - 0x00007ffb4e516000 	C:\WINDOWS\System32\combase.dll
0x00007ffb4ceb0000 - 0x00007ffb4cf30000 	C:\WINDOWS\System32\bcryptPrimitives.dll
0x00007ffb4f780000 - 0x00007ffb4f7ae000 	C:\WINDOWS\System32\IMM32.DLL
0x0000000052880000 - 0x0000000052952000 	C:\Program Files\Java\jdk1.8.0_221\jre\bin\msvcr100.dll
0x0000000051fd0000 - 0x0000000052875000 	C:\Program Files\Java\jdk1.8.0_221\jre\bin\server\jvm.dll
0x00007ffb4e830000 - 0x00007ffb4e838000 	C:\WINDOWS\System32\PSAPI.DLL
0x00007ffb44610000 - 0x00007ffb44634000 	C:\WINDOWS\SYSTEM32\WINMM.dll
0x00007ffb42fc0000 - 0x00007ffb42fc9000 	C:\WINDOWS\SYSTEM32\WSOCK32.dll
0x00007ffb486e0000 - 0x00007ffb486ea000 	C:\WINDOWS\SYSTEM32\VERSION.dll
0x00007ffb4e960000 - 0x00007ffb4e9cf000 	C:\WINDOWS\System32\WS2_32.dll
0x00007ffb44520000 - 0x00007ffb4454d000 	C:\WINDOWS\SYSTEM32\winmmbase.dll
0x00007ffb4ce00000 - 0x00007ffb4ce4a000 	C:\WINDOWS\System32\cfgmgr32.dll
0x00007ffb3eba0000 - 0x00007ffb3ebaf000 	C:\Program Files\Java\jdk1.8.0_221\jre\bin\verify.dll
0x00007ffb36370000 - 0x00007ffb36399000 	C:\Program Files\Java\jdk1.8.0_221\jre\bin\java.dll
0x00007ffb39d40000 - 0x00007ffb39d56000 	C:\Program Files\Java\jdk1.8.0_221\jre\bin\zip.dll
0x00007ffb4eb50000 - 0x00007ffb4f235000 	C:\WINDOWS\System32\SHELL32.dll
0x00007ffb4e0b0000 - 0x00007ffb4e159000 	C:\WINDOWS\System32\shcore.dll
0x00007ffb4d1d0000 - 0x00007ffb4d94f000 	C:\WINDOWS\System32\windows.storage.dll
0x00007ffb4c850000 - 0x00007ffb4c86f000 	C:\WINDOWS\System32\profapi.dll
0x00007ffb4c800000 - 0x00007ffb4c84a000 	C:\WINDOWS\System32\powrprof.dll
0x00007ffb4c7d0000 - 0x00007ffb4c7e0000 	C:\WINDOWS\System32\UMPDC.dll
0x00007ffb4df80000 - 0x00007ffb4dfd2000 	C:\WINDOWS\System32\shlwapi.dll
0x00007ffb4c7e0000 - 0x00007ffb4c7f1000 	C:\WINDOWS\System32\kernel.appcore.dll
0x00007ffb4c890000 - 0x00007ffb4c8a7000 	C:\WINDOWS\System32\cryptsp.dll
0x00007ffb46330000 - 0x00007ffb4633a000 	C:\Program Files\Maven\apache-maven-3.6.1\lib\jansi-native\windows64\jansi.dll
0x00007ffb37a20000 - 0x00007ffb37a3a000 	C:\Program Files\Java\jdk1.8.0_221\jre\bin\net.dll
0x00007ffb42860000 - 0x00007ffb42a36000 	C:\WINDOWS\SYSTEM32\urlmon.dll
0x00007ffb425b0000 - 0x00007ffb42856000 	C:\WINDOWS\SYSTEM32\iertutil.dll
0x00007ffb4c210000 - 0x00007ffb4c21c000 	C:\WINDOWS\SYSTEM32\CRYPTBASE.DLL
0x00007ffb4c040000 - 0x00007ffb4c0a7000 	C:\WINDOWS\system32\mswsock.dll
0x00007ffb35c50000 - 0x00007ffb35c62000 	C:\Program Files\Java\jdk1.8.0_221\jre\bin\nio.dll
0x00007ffb3f250000 - 0x00007ffb3f25d000 	C:\Program Files\Java\jdk1.8.0_221\jre\bin\management.dll
0x00007ffb42540000 - 0x00007ffb42556000 	C:\WINDOWS\system32\napinsp.dll
0x00007ffb424d0000 - 0x00007ffb424ea000 	C:\WINDOWS\system32\pnrpnsp.dll
0x00007ffb4bd90000 - 0x00007ffb4be5a000 	C:\WINDOWS\SYSTEM32\DNSAPI.dll
0x00007ffb4f240000 - 0x00007ffb4f248000 	C:\WINDOWS\System32\NSI.dll
0x00007ffb4bd50000 - 0x00007ffb4bd8a000 	C:\WINDOWS\SYSTEM32\IPHLPAPI.DLL
0x00007ffb42370000 - 0x00007ffb4237e000 	C:\WINDOWS\System32\winrnr.dll
0x00007ffb48d80000 - 0x00007ffb48d9c000 	C:\WINDOWS\system32\NLAapi.dll
0x00007ffb42350000 - 0x00007ffb42365000 	C:\WINDOWS\system32\wshbth.dll
0x00007ffb46920000 - 0x00007ffb4692a000 	C:\Windows\System32\rasadhlp.dll
0x00007ffb477e0000 - 0x00007ffb47857000 	C:\WINDOWS\System32\fwpuclnt.dll
0x00007ffb4ce50000 - 0x00007ffb4ce76000 	C:\WINDOWS\System32\bcrypt.dll
0x00007ffb4bbb0000 - 0x00007ffb4bbe3000 	C:\WINDOWS\system32\rsaenh.dll
0x00007ffb4c6f0000 - 0x00007ffb4c715000 	C:\WINDOWS\SYSTEM32\USERENV.dll
0x00007ffb485a0000 - 0x00007ffb485b6000 	C:\WINDOWS\SYSTEM32\dhcpcsvc6.DLL
0x00007ffb48580000 - 0x00007ffb4859c000 	C:\WINDOWS\SYSTEM32\dhcpcsvc.DLL

VM Arguments:
jvm_args: -Dclassworlds.conf=C:\Program Files\Maven\apache-maven-3.6.1\bin\..\bin\m2.conf -Dmaven.home=C:\Program Files\Maven\apache-maven-3.6.1\bin\.. -Dlibrary.jansi.path=C:\Program Files\Maven\apache-maven-3.6.1\bin\..\lib\jansi-native -Dmaven.multiModuleProjectDirectory=C:\Repositories\leshan 
java_command: org.codehaus.plexus.classworlds.launcher.Launcher clean install -DskipTests
java_class_path (initial): C:\Program Files\Maven\apache-maven-3.6.1\bin\..\boot\plexus-classworlds-2.6.0.jar
Launcher Type: SUN_STANDARD

Environment Variables:
JAVA_HOME=C:\Program Files\Java\jdk1.8.0_221
PATH=C:\Program Files\curl-7.66.0-win64-mingw\bin;C:\Program Files\Python27\Scripts;C:\Program Files\Python37\Scripts\;C:\Program Files\Python37\;C:\Program Files (x86)\Common Files\Oracle\Java\javapath;C:\WINDOWS\system32;C:\WINDOWS;C:\WINDOWS\System32\Wbem;C:\WINDOWS\System32\WindowsPowerShell\v1.0\;C:\WINDOWS\System32\OpenSSH\;C:\ProgramData\chocolatey\bin;C:\Program Files\Microsoft VS Code\bin;C:\Program Files\PuTTY\;C:\Program Files\Java\jdk1.8.0_221\bin;C:\Program Files\ant\apache-ant-1.10.6\bin;C:\Program Files\Maven\apache-maven-3.6.1\bin;C:\Program Files\Git\cmd;C:\Program Files\CMake\bin;C:\Program Files\dotnet\;C:\Program Files\Microsoft SQL Server\130\Tools\Binn\;C:\Program Files\Microsoft SQL Server\Client SDK\ODBC\170\Tools\Binn\;C:\Program Files\cygwin64\bin;C:\Program Files\nodejs\;C:\Program Files\WinMerge;C:\Program Files (x86)\sbt\bin;C:\Program Files (x86)\Yarn\bin\;C:\Program Files\Java\Java3D\1.5.1\bin;C:\Users\User\AppData\Local\Microsoft\WindowsApps;C:\Program Files (x86)\Nmap;C:\Users\User\AppData\Roaming\npm;C:\Users\User\AppData\Local\Yarn\bin
USERNAME=User
OS=Windows_NT
PROCESSOR_IDENTIFIER=Intel64 Family 6 Model 158 Stepping 9, GenuineIntel



---------------  S Y S T E M  ---------------

OS: Windows 10.0 , 64 bit Build 18362 (10.0.18362.329)

CPU:total 8 (initial active 8) (4 cores per cpu, 2 threads per core) family 6 model 158 stepping 9, cmov, cx8, fxsr, mmx, sse, sse2, sse3, ssse3, sse4.1, sse4.2, popcnt, avx, avx2, aes, clmul, erms, rtm, 3dnowpref, lzcnt, ht, tsc, tscinvbit, bmi1, bmi2, adx

Memory: 4k page, physical 16730288k(2465368k free), swap 33155372k(10056k free)

vm_info: Java HotSpot(TM) 64-Bit Server VM (25.221-b11) for windows-amd64 JRE (1.8.0_221-b11), built on Jul  4 2019 04:39:29 by "java_re" with MS VC++ 10.0 (VS2010)

time: Fri Jan 31 13:27:59 2020
timezone: FLE Standard Time
elapsed time: 12 seconds (0d 0h 0m 12s)

